

Microchip Technology PIC Macro Assembler V1.37 build -260352376 
                                                                                                           Sun May 21 15:12:33 2017


     1                           
     2                           	; Microchip MPLAB XC8 C Compiler V1.37
     3                           	; Copyright (C) 1984-2016 HI-TECH Software
     4                           
     5                           	; Auto-generated runtime startup code for final link stage.
     6                           
     7                           	;
     8                           	; Compiler options:
     9                           	;
    10                           	; -o1827_goliath.cof -m1827_goliath.map --summary=default \
    11                           	; --output=default main.p1 adc.p1 pwm.p1 --chip=16F1827 -P \
    12                           	; --runtime=default --opt=default -D__DEBUG=1 -g --asmlist \
    13                           	; --errformat=Error   [%n] %f; %l.%c %s --msgformat=Advisory[%n] %s \
    14                           	; --warnformat=Warning [%n] %f; %l.%c %s
    15                           	;
    16                           
    17                           
    18                           	processor	16F1827
    19                           
    20                           	global	_main,start,reset_vec
    21                           	fnroot	_main
    22                           	psect	config,class=CONFIG,delta=2,noexec
    23                           	psect	idloc,class=IDLOC,delta=2,noexec
    24                           	psect	code,class=CODE,delta=2
    25                           	psect	powerup,class=CODE,delta=2
    26                           	psect	reset_vec,class=CODE,delta=2
    27                           	psect	maintext,class=CODE,delta=2
    28  0000                     	Z	set	2
    29  0002                     	PCL	set	2
    30  0002                     	INDF	set	0
    31  0000                     
    32                           	STATUS	equ	3
    33  0003                     	BSR	equ	8
    34  0008                     	PCLATH	equ	0Ah
    35  000A                     	psect	eeprom_data,class=EEDATA,delta=2,space=3,noexec
    36                           	psect	strings,class=CODE,delta=2,reloc=256
    37                           	psect	intentry,class=CODE,delta=2
    38                           	psect	functab,class=CODE,delta=2
    39                           	global	intlevel0,intlevel1,intlevel2, intlevel3, intlevel4, intlevel5
    40                           intlevel0:
    41  0000                     intlevel1:
    42  0000                     intlevel2:
    43  0000                     intlevel3:
    44  0000                     intlevel4:
    45  0000                     intlevel5:
    46  0000                     	psect	init,class=CODE,delta=2
    47                           	psect	cinit,class=CODE,delta=2
    48                           	psect	text,class=CODE,delta=2
    49                           	psect	end_init,class=CODE,delta=2
    50                           	psect	clrtext,class=CODE,delta=2
    51                           	INDF0	set	0
    52  0000                     	INDF1	set	1
    53  0001                     	PCL	set	2
    54  0002                     	STATUS	set	3
    55  0003                     	FSR0L	set	4
    56  0004                     	FSR0H	set	5
    57  0005                     	FSR1L	set	6
    58  0006                     	FSR1H	set	7
    59  0007                     	BSR	set	8
    60  0008                     	WREG	set	9
    61  0009                     	PCLATH	set	10
    62  000A                     	INTCON	set	11
    63  000B                     
    64                           	psect	reset_vec
    65                           reset_vec:
    66  0000                     	; No powerup routine
    67                           	global start
    68                           
    69                           ; jump to start
    70                           	ljmp	start
    71  0000  3180  2802         	; No interrupt routine
    72                           
    73                           
    74                           	psect	init
    75                           start
    76  0002                     
    77                           ;Initialize the stack pointer (FSR1)
    78                           ;Stack space: 02006h-0216Fh (362 bytes)
    79                           
    80                           	fsr1l	equ	6
    81  0006                     	fsr1h	equ	7
    82  0007                     	global stacklo, stackhi
    83                           	stacklo	equ	02006h
    84  2006                     	stackhi	equ	0216Fh
    85  216F                     
    86                           
    87                           	psect	stack,class=STACK,space=2,noexec
    88                           	global ___sp,___int_sp
    89                           	___sp:
    90  0000                     	___int_sp:
    91  0000                     
    92                           	psect	end_init
    93                           	global start_initialization
    94                           	ljmp start_initialization	;jump to C runtime clear & initialization
    95  0002  3187  2FF4         
    96                           ; Config register CONFIG1 @ 0x8007
    97                           ;	Clock Out Enable
    98                           ;	CLKOUTEN = 0x1, unprogrammed default
    99                           ;	Watchdog Timer Enable
   100                           ;	WDTE = OFF, WDT disabled
   101                           ;	Power-up Timer Enable
   102                           ;	PWRTE = ON, PWRT enabled
   103                           ;	Flash Program Memory Code Protection
   104                           ;	CP = 0x1, unprogrammed default
   105                           ;	Brown-out Reset Enable
   106                           ;	BOREN = 0x3, unprogrammed default
   107                           ;	Fail-Safe Clock Monitor Enable
   108                           ;	FCMEN = OFF, Fail-Safe Clock Monitor is disabled
   109                           ;	MCLR Pin Function Select
   110                           ;	MCLRE = OFF, MCLR/VPP pin function is digital input
   111                           ;	Data Memory Code Protection
   112                           ;	CPD = 0x1, unprogrammed default
   113                           ;	Internal/External Switchover
   114                           ;	IESO = OFF, Internal/External Switchover mode is disabled
   115                           ;	Oscillator Selection
   116                           ;	FOSC = INTOSC, INTOSC oscillator: I/O function on CLKIN pin
   117                           
   118                           	psect	config
   119                           		org 0x0
   120  8007                     		dw 0xCF84
   121  8007  CF84               
   122                           ; Config register CONFIG2 @ 0x8008
   123                           ;	Stack Overflow/Underflow Reset Enable
   124                           ;	STVREN = 0x1, unprogrammed default
   125                           ;	Brown-out Reset Voltage Selection
   126                           ;	BORV = HI, Brown-out Reset Voltage (Vbor), high trip point selected.
   127                           ;	Low-Voltage Programming Enable
   128                           ;	LVP = OFF, High-voltage on MCLR/VPP must be used for programming
   129                           ;	Flash Memory Self-Write Protection
   130                           ;	WRT = 0x3, unprogrammed default
   131                           ;	PLL Enable
   132                           ;	PLLEN = 0x1, unprogrammed default
   133                           
   134                           	psect	config
   135                           		org 0x1
   136  8008                     		dw 0xDBFF
   137  8008  DBFF               


Microchip Technology PIC Macro Assembler V1.37 build -260352376 
Symbol Table                                                                                               Sun May 21 15:12:33 2017

               ___sp 0000                 _main 06FC                 start 0002               stackhi 216F  
             stacklo 2006  start_initialization 07F4             ___int_sp 0000             intlevel0 0000  
           intlevel1 0000             intlevel2 0000             intlevel3 0000             intlevel4 0000  
           intlevel5 0000             reset_vec 0000  
