

Microchip Technology PIC Macro Assembler V1.37 build -260352376 
                                                                                                           Thu Jan 04 19:46:04 2018


     1                           
     2                           	; Microchip MPLAB XC8 C Compiler V1.37
     3                           	; Copyright (C) 1984-2016 HI-TECH Software
     4                           
     5                           	; Auto-generated runtime startup code for final link stage.
     6                           
     7                           	;
     8                           	; Compiler options:
     9                           	;
    10                           	; -omoter.cof -mmoter.map --summary=default --output=default adc.p1 \
    11                           	; main.p1 pwm.p1 --chip=16F1827 -P --runtime=default --opt=default \
    12                           	; -D__DEBUG=1 -g --asmlist --errformat=Error   [%n] %f; %l.%c %s \
    13                           	; --msgformat=Advisory[%n] %s --warnformat=Warning [%n] %f; %l.%c %s
    14                           	;
    15                           
    16                           
    17                           	processor	16F1827
    18                           
    19                           	global	_main,start,reset_vec
    20                           	fnroot	_main
    21                           	psect	config,class=CONFIG,delta=2,noexec
    22                           	psect	idloc,class=IDLOC,delta=2,noexec
    23                           	psect	code,class=CODE,delta=2
    24                           	psect	powerup,class=CODE,delta=2
    25                           	psect	reset_vec,class=CODE,delta=2
    26                           	psect	maintext,class=CODE,delta=2
    27  0000                     	Z	set	2
    28  0002                     	PCL	set	2
    29  0002                     	INDF	set	0
    30  0000                     
    31                           	STATUS	equ	3
    32  0003                     	BSR	equ	8
    33  0008                     	PCLATH	equ	0Ah
    34  000A                     	psect	eeprom_data,class=EEDATA,delta=2,space=3,noexec
    35                           	psect	strings,class=CODE,delta=2,reloc=256
    36                           	psect	intentry,class=CODE,delta=2
    37                           	psect	functab,class=CODE,delta=2
    38                           	global	intlevel0,intlevel1,intlevel2, intlevel3, intlevel4, intlevel5
    39                           intlevel0:
    40  0000                     intlevel1:
    41  0000                     intlevel2:
    42  0000                     intlevel3:
    43  0000                     intlevel4:
    44  0000                     intlevel5:
    45  0000                     	psect	init,class=CODE,delta=2
    46                           	psect	cinit,class=CODE,delta=2
    47                           	psect	text,class=CODE,delta=2
    48                           	psect	end_init,class=CODE,delta=2
    49                           	psect	clrtext,class=CODE,delta=2
    50                           	INDF0	set	0
    51  0000                     	INDF1	set	1
    52  0001                     	PCL	set	2
    53  0002                     	STATUS	set	3
    54  0003                     	FSR0L	set	4
    55  0004                     	FSR0H	set	5
    56  0005                     	FSR1L	set	6
    57  0006                     	FSR1H	set	7
    58  0007                     	BSR	set	8
    59  0008                     	WREG	set	9
    60  0009                     	PCLATH	set	10
    61  000A                     	INTCON	set	11
    62  000B                     
    63                           	psect	reset_vec
    64                           reset_vec:
    65  0000                     	; No powerup routine
    66                           	global start
    67                           
    68                           ; jump to start
    69                           	ljmp	start
    70  0000  3180  2802         	; No interrupt routine
    71                           
    72                           
    73                           	psect	init
    74                           start
    75  0002                     
    76                           ;Initialize the stack pointer (FSR1)
    77                           ;Stack space: 0201Dh-0216Fh (339 bytes)
    78                           
    79                           	fsr1l	equ	6
    80  0006                     	fsr1h	equ	7
    81  0007                     	global stacklo, stackhi
    82                           	stacklo	equ	0201Dh
    83  201D                     	stackhi	equ	0216Fh
    84  216F                     
    85                           
    86                           	psect	stack,class=STACK,space=2,noexec
    87                           	global ___sp,___int_sp
    88                           	___sp:
    89  0000                     	___int_sp:
    90  0000                     
    91                           	psect	end_init
    92                           	global start_initialization
    93                           	ljmp start_initialization	;jump to C runtime clear & initialization
    94  0002  3187  2FF2         
    95                           ; Config register CONFIG1 @ 0x8007
    96                           ;	Clock Out Enable
    97                           ;	CLKOUTEN = 0x1, unprogrammed default
    98                           ;	Watchdog Timer Enable
    99                           ;	WDTE = OFF, WDT disabled
   100                           ;	Power-up Timer Enable
   101                           ;	PWRTE = ON, PWRT enabled
   102                           ;	Flash Program Memory Code Protection
   103                           ;	CP = 0x1, unprogrammed default
   104                           ;	Brown-out Reset Enable
   105                           ;	BOREN = 0x3, unprogrammed default
   106                           ;	Fail-Safe Clock Monitor Enable
   107                           ;	FCMEN = OFF, Fail-Safe Clock Monitor is disabled
   108                           ;	MCLR Pin Function Select
   109                           ;	MCLRE = OFF, MCLR/VPP pin function is digital input
   110                           ;	Data Memory Code Protection
   111                           ;	CPD = 0x1, unprogrammed default
   112                           ;	Internal/External Switchover
   113                           ;	IESO = OFF, Internal/External Switchover mode is disabled
   114                           ;	Oscillator Selection
   115                           ;	FOSC = INTOSC, INTOSC oscillator: I/O function on CLKIN pin
   116                           
   117                           	psect	config
   118                           		org 0x0
   119  8007                     		dw 0xCF84
   120  8007  CF84               
   121                           ; Config register CONFIG2 @ 0x8008
   122                           ;	Stack Overflow/Underflow Reset Enable
   123                           ;	STVREN = 0x1, unprogrammed default
   124                           ;	Brown-out Reset Voltage Selection
   125                           ;	BORV = HI, Brown-out Reset Voltage (Vbor), high trip point selected.
   126                           ;	Low-Voltage Programming Enable
   127                           ;	LVP = OFF, High-voltage on MCLR/VPP must be used for programming
   128                           ;	Flash Memory Self-Write Protection
   129                           ;	WRT = 0x3, unprogrammed default
   130                           ;	PLL Enable
   131                           ;	PLLEN = 0x1, unprogrammed default
   132                           
   133                           	psect	config
   134                           		org 0x1
   135  8008                     		dw 0xDBFF
   136  8008  DBFF               


Microchip Technology PIC Macro Assembler V1.37 build -260352376 
Symbol Table                                                                                               Thu Jan 04 19:46:04 2018

               ___sp 0000                 _main 041E                 start 0002               stackhi 216F  
             stacklo 201D  start_initialization 07F2             ___int_sp 0000             intlevel0 0000  
           intlevel1 0000             intlevel2 0000             intlevel3 0000             intlevel4 0000  
           intlevel5 0000             reset_vec 0000  
